0 info it worked if it ends with ok
1 verbose cli [ 'E:\\Program Files\\nodejs\\node.exe',
1 verbose cli   'C:\\Users\\HomeBasic\\AppData\\Roaming\\npm\\node_modules\\npm\\bin\\npm-cli.js',
1 verbose cli   'i',
1 verbose cli   'confirmativeactionbutton' ]
2 info using npm@3.7.3
3 info using node@v4.2.4
4 silly loadCurrentTree Starting
5 silly install loadCurrentTree
6 silly install readLocalPackageData
7 silly fetchPackageMetaData confirmativeactionbutton
8 silly fetchNamedPackageData confirmativeactionbutton
9 silly mapToRegistry name confirmativeactionbutton
10 silly mapToRegistry using default registry
11 silly mapToRegistry registry https://registry.npmjs.org/
12 silly mapToRegistry uri https://registry.npmjs.org/confirmativeactionbutton
13 verbose request uri https://registry.npmjs.org/confirmativeactionbutton
14 verbose request no auth needed
15 info attempt registry request try #1 at 16:10:21
16 verbose request using bearer token for auth
17 verbose request id 81633e17a965b7c5
18 http request GET https://registry.npmjs.org/confirmativeactionbutton
19 http 200 https://registry.npmjs.org/confirmativeactionbutton
20 verbose headers { server: 'CouchDB/1.5.0 (Erlang OTP/R16B03)',
20 verbose headers   etag: '"8P4I7MWWXWGA8KM03RM4U9Z6P"',
20 verbose headers   'content-type': 'application/json',
20 verbose headers   'cache-control': 'max-age=300',
20 verbose headers   'content-length': '3707',
20 verbose headers   'accept-ranges': 'bytes',
20 verbose headers   date: 'Sat, 20 Feb 2016 15:10:09 GMT',
20 verbose headers   via: '1.1 varnish',
20 verbose headers   connection: 'keep-alive',
20 verbose headers   'x-served-by': 'cache-fra1227-FRA',
20 verbose headers   'x-cache': 'MISS',
20 verbose headers   'x-cache-hits': '0',
20 verbose headers   'x-timer': 'S1455981009.284996,VS0,VE191',
20 verbose headers   vary: 'Accept' }
21 silly get cb [ 200,
21 silly get   { server: 'CouchDB/1.5.0 (Erlang OTP/R16B03)',
21 silly get     etag: '"8P4I7MWWXWGA8KM03RM4U9Z6P"',
21 silly get     'content-type': 'application/json',
21 silly get     'cache-control': 'max-age=300',
21 silly get     'content-length': '3707',
21 silly get     'accept-ranges': 'bytes',
21 silly get     date: 'Sat, 20 Feb 2016 15:10:09 GMT',
21 silly get     via: '1.1 varnish',
21 silly get     connection: 'keep-alive',
21 silly get     'x-served-by': 'cache-fra1227-FRA',
21 silly get     'x-cache': 'MISS',
21 silly get     'x-cache-hits': '0',
21 silly get     'x-timer': 'S1455981009.284996,VS0,VE191',
21 silly get     vary: 'Accept' } ]
22 verbose get saving confirmativeactionbutton to C:\Users\HomeBasic\AppData\Roaming\npm-cache\registry.npmjs.org\confirmativeactionbutton\.cache.json
23 verbose correctMkdir C:\Users\HomeBasic\AppData\Roaming\npm-cache correctMkdir not in flight; initializing
24 silly install normalizeTree
25 silly loadCurrentTree Finishing
26 silly loadIdealTree Starting
27 silly install loadIdealTree
28 silly cloneCurrentTree Starting
29 silly install cloneCurrentTreeToIdealTree
30 silly cloneCurrentTree Finishing
31 silly loadShrinkwrap Starting
32 silly install loadShrinkwrap
33 silly loadShrinkwrap Finishing
34 silly loadAllDepsIntoIdealTree Starting
35 silly install loadAllDepsIntoIdealTree
36 silly rollbackFailedOptional Starting
37 silly rollbackFailedOptional Finishing
38 silly runTopLevelLifecycles Starting
39 silly runTopLevelLifecycles Finishing
40 silly install printInstalled
41 verbose stack Error: Refusing to install confirmativeactionbutton as a dependency of itself
41 verbose stack     at checkSelf (C:\Users\HomeBasic\AppData\Roaming\npm\node_modules\npm\lib\install\validate-args.js:53:14)
41 verbose stack     at Array.<anonymous> (C:\Users\HomeBasic\AppData\Roaming\npm\node_modules\npm\node_modules\slide\lib\bind-actor.js:15:8)
41 verbose stack     at LOOP (C:\Users\HomeBasic\AppData\Roaming\npm\node_modules\npm\node_modules\slide\lib\chain.js:15:14)
41 verbose stack     at chain (C:\Users\HomeBasic\AppData\Roaming\npm\node_modules\npm\node_modules\slide\lib\chain.js:20:5)
41 verbose stack     at C:\Users\HomeBasic\AppData\Roaming\npm\node_modules\npm\lib\install\validate-args.js:16:5
41 verbose stack     at C:\Users\HomeBasic\AppData\Roaming\npm\node_modules\npm\node_modules\slide\lib\async-map.js:52:35
41 verbose stack     at Array.forEach (native)
41 verbose stack     at C:\Users\HomeBasic\AppData\Roaming\npm\node_modules\npm\node_modules\slide\lib\async-map.js:52:11
41 verbose stack     at Array.forEach (native)
41 verbose stack     at asyncMap (C:\Users\HomeBasic\AppData\Roaming\npm\node_modules\npm\node_modules\slide\lib\async-map.js:51:8)
42 verbose cwd E:\github\ConfirmationButton
43 error Windows_NT 6.1.7601
44 error argv "E:\\Program Files\\nodejs\\node.exe" "C:\\Users\\HomeBasic\\AppData\\Roaming\\npm\\node_modules\\npm\\bin\\npm-cli.js" "i" "confirmativeactionbutton"
45 error node v4.2.4
46 error npm  v3.7.3
47 error code ENOSELF
48 error Refusing to install confirmativeactionbutton as a dependency of itself
49 error If you need help, you may report this error at:
49 error     <https://github.com/npm/npm/issues>
50 verbose exit [ 1, true ]
